<?xml version="1.0" encoding="UTF-8"?>
<testsuites name="orangeTestSuit" time="18" tests="2" failures="0" errors="0">
   <testsuite name="orangeTestSuit" tests="2" failures="0" errors="0" time="18" timestamp="2018-07-24 15:29:48" hostname="slk - WSLK1FFTRFW-20.SLKSOFT.COM" id="Test Suites/orangeTestSuit">
      <properties>
         <property name="deviceName" value=""/>
         <property name="devicePlatform" value=""/>
         <property name="logFolder" value="D:\\fortworth\\katlon\\demo\\Reports\\orangeTestSuit\\20180724_152947"/>
         <property name="logFiles" value="D:\\fortworth\\katlon\\demo\\Reports\\orangeTestSuit\\20180724_152947\\execution0.log"/>
         <property name="attachments" value=""/>
         <property name="hostName" value="slk - WSLK1FFTRFW-20.SLKSOFT.COM"/>
         <property name="os" value="Windows 7 64bit"/>
         <property name="katalonVersion" value="5.5.0.1"/>
         <property name="browser" value="Firefox 62.0"/>
         <property name="hostAddress" value="192.168.56.1"/>
         <property name="sessionId" value="24e5e825-57ed-44d5-a128-70dfe7b18199"/>
         <property name="seleniumVersion" value="3.7.1"/>
         <property name="proxyInformation" value="ProxyInformation{proxyOption=NO_PROXY, proxyServerType=HTTP, password=, proxyServerAddress=, proxyServerPort=0}"/>
         <property name="platform" value="Windows 7"/>
      </properties>
      <testcase name="Test Cases/LOGIN/Test Login" classname="Test Cases/LOGIN/Test Login" status="PASSED">
         <system-out><![CDATA[2018-07-24 15:29:48 - [TEST_CASE][PASSED] - Test Cases/LOGIN/Test Login: Test Cases/LOGIN/Test Login

2018-07-24 15:29:49 - [TEST_STEP][PASSED] - openBrowser: Browser is opened with url: ''

2018-07-24 15:29:53 - [MESSAGE][PASSED] - Browser is opened with url: ''

2018-07-24 15:29:53 - [TEST_STEP][PASSED] - navigateToUrl: Navigate to 'https://opensource-demo.orangehrmlive.com/' successfully

2018-07-24 15:29:59 - [MESSAGE][PASSED] - Navigate to 'https://opensource-demo.orangehrmlive.com/' successfully

2018-07-24 15:29:59 - [TEST_STEP][PASSED] - click: Object: 'Object Repository/Page_OrangeHRM/span_Username' is clicked on

2018-07-24 15:29:59 - [MESSAGE][PASSED] - Object: 'Object Repository/Page_OrangeHRM/span_Username' is clicked on

2018-07-24 15:29:59 - [TEST_STEP][PASSED] - setText: Text 'admin' is set on object 'Object Repository/Page_OrangeHRM/input_txtUsername'

2018-07-24 15:29:59 - [MESSAGE][PASSED] - Text 'admin' is set on object 'Object Repository/Page_OrangeHRM/input_txtUsername'

2018-07-24 15:29:59 - [TEST_STEP][PASSED] - setEncryptedText: Text ****** has been set on object 'Object Repository/Page_OrangeHRM/input_txtPassword'

2018-07-24 15:30:00 - [MESSAGE][PASSED] - Text ****** has been set on object 'Object Repository/Page_OrangeHRM/input_txtPassword'

2018-07-24 15:30:00 - [TEST_STEP][PASSED] - click: Object: 'Object Repository/Page_OrangeHRM/input_Submit' is clicked on

2018-07-24 15:30:02 - [MESSAGE][PASSED] - Object: 'Object Repository/Page_OrangeHRM/input_Submit' is clicked on]]></system-out>
         <system-err><![CDATA[]]></system-err>
      </testcase>
      <testcase name="Test Cases/LOGIN/ValidateLinks" classname="Test Cases/LOGIN/ValidateLinks" status="PASSED">
         <system-out><![CDATA[2018-07-24 15:30:04 - [TEST_CASE][PASSED] - Test Cases/LOGIN/ValidateLinks: Test Cases/LOGIN/ValidateLinks

2018-07-24 15:30:04 - [TEST_STEP][PASSED] - verifyElementPresent: Object 'Object Repository/Page_OrangeHRM/b_Admin' is present

2018-07-24 15:30:04 - [MESSAGE][WARNING] - Timeout '0' is invalid. Using default page load timeout: '30'

2018-07-24 15:30:04 - [MESSAGE][PASSED] - Object 'Object Repository/Page_OrangeHRM/b_Admin' is present

2018-07-24 15:30:04 - [TEST_STEP][PASSED] - verifyElementPresent: Object 'Object Repository/Page_OrangeHRM/b_Dashboard' is present

2018-07-24 15:30:04 - [MESSAGE][WARNING] - Timeout '0' is invalid. Using default page load timeout: '30'

2018-07-24 15:30:04 - [MESSAGE][PASSED] - Object 'Object Repository/Page_OrangeHRM/b_Dashboard' is present

2018-07-24 15:30:04 - [TEST_STEP][PASSED] - verifyElementPresent: Object 'Object Repository/Page_OrangeHRM/b_Directory' is present

2018-07-24 15:30:04 - [MESSAGE][WARNING] - Timeout '0' is invalid. Using default page load timeout: '30'

2018-07-24 15:30:04 - [MESSAGE][PASSED] - Object 'Object Repository/Page_OrangeHRM/b_Directory' is present

2018-07-24 15:30:04 - [TEST_STEP][PASSED] - verifyElementPresent: Object 'Object Repository/Page_OrangeHRM/b_Leave' is present

2018-07-24 15:30:04 - [MESSAGE][WARNING] - Timeout '0' is invalid. Using default page load timeout: '30'

2018-07-24 15:30:04 - [MESSAGE][PASSED] - Object 'Object Repository/Page_OrangeHRM/b_Leave' is present

2018-07-24 15:30:04 - [TEST_STEP][PASSED] - verifyElementPresent: Object 'Object Repository/Page_OrangeHRM/b_PIM' is present

2018-07-24 15:30:04 - [MESSAGE][WARNING] - Timeout '0' is invalid. Using default page load timeout: '30'

2018-07-24 15:30:04 - [MESSAGE][PASSED] - Object 'Object Repository/Page_OrangeHRM/b_PIM' is present

2018-07-24 15:30:04 - [TEST_STEP][PASSED] - verifyElementPresent: Object 'Object Repository/Page_OrangeHRM/b_Recruitment' is present

2018-07-24 15:30:04 - [MESSAGE][WARNING] - Timeout '0' is invalid. Using default page load timeout: '30'

2018-07-24 15:30:04 - [MESSAGE][PASSED] - Object 'Object Repository/Page_OrangeHRM/b_Recruitment' is present

2018-07-24 15:30:04 - [TEST_STEP][PASSED] - closeBrowser: Browser is closed

2018-07-24 15:30:05 - [MESSAGE][PASSED] - Browser is closed]]></system-out>
         <system-err><![CDATA[]]></system-err>
      </testcase>
      <system-out><![CDATA[2018-07-24 15:29:48 - [TEST_SUITE][PASSED] - orangeTestSuit: Test Cases/LOGIN/ValidateLinks]]></system-out>
      <system-err><![CDATA[]]></system-err>
   </testsuite>
</testsuites>
