<?xml version="1.0" encoding="UTF-8"?>
<testsuites name="New Test Suite1" time="14" tests="1" failures="0" errors="0">
   <testsuite name="New Test Suite1" tests="1" failures="0" errors="0" time="14" timestamp="2018-07-26 12:51:08" hostname="slk - WSLK1FFTRFW-20.SLKSOFT.COM" id="Test Suites/Day2/New Test Suite1">
      <properties>
         <property name="deviceName" value=""/>
         <property name="devicePlatform" value=""/>
         <property name="logFolder" value="D:\\fortworth\\katlon\\demo\\Reports\\Day2\\New Test Suite1\\20180726_125106"/>
         <property name="logFiles" value="D:\\fortworth\\katlon\\demo\\Reports\\Day2\\New Test Suite1\\20180726_125106\\execution0.log"/>
         <property name="attachments" value=""/>
         <property name="hostName" value="slk - WSLK1FFTRFW-20.SLKSOFT.COM"/>
         <property name="os" value="Windows 7 64bit"/>
         <property name="katalonVersion" value="5.5.0.1"/>
         <property name="browser" value="Chrome 67.0.3396.99"/>
         <property name="hostAddress" value="192.168.56.1"/>
         <property name="sessionId" value="d9a55079809ac633ad7e9d1b7cd5e035"/>
         <property name="seleniumVersion" value="3.7.1"/>
         <property name="proxyInformation" value="ProxyInformation{proxyOption=NO_PROXY, proxyServerType=HTTP, password=, proxyServerAddress=, proxyServerPort=0}"/>
         <property name="platform" value="Windows 7"/>
      </properties>
      <testcase name="Test Cases/Day2/TEST2" classname="Test Cases/Day2/TEST2" status="PASSED">
         <system-out><![CDATA[2018-07-26 12:51:09 - [TEST_CASE][PASSED] - Test Cases/Day2/TEST2: Test Cases/Day2/TEST2

2018-07-26 12:51:09 - [TEST_STEP][PASSED] - openBrowser: Browser is opened with url: ''

2018-07-26 12:51:12 - [MESSAGE][PASSED] - Browser is opened with url: ''

2018-07-26 12:51:12 - [TEST_STEP][PASSED] - navigateToUrl: Navigate to 'https://opensource-demo.orangehrmlive.com/' successfully

2018-07-26 12:51:16 - [MESSAGE][PASSED] - Navigate to 'https://opensource-demo.orangehrmlive.com/' successfully

2018-07-26 12:51:16 - [TEST_STEP][PASSED] - click: Object: 'Object Repository/Page_OrangeHRM/span_Username' is clicked on

2018-07-26 12:51:16 - [MESSAGE][PASSED] - Object: 'Object Repository/Page_OrangeHRM/span_Username' is clicked on

2018-07-26 12:51:16 - [TEST_STEP][PASSED] - setText: Text 'Admin' is set on object 'Object Repository/Page_OrangeHRM/input_txtUsername'

2018-07-26 12:51:16 - [MESSAGE][PASSED] - Text 'Admin' is set on object 'Object Repository/Page_OrangeHRM/input_txtUsername'

2018-07-26 12:51:16 - [TEST_STEP][PASSED] - setText: Text 'admin123' is set on object 'Object Repository/Page_OrangeHRM/input_txtPassword'

2018-07-26 12:51:17 - [MESSAGE][PASSED] - Text 'admin123' is set on object 'Object Repository/Page_OrangeHRM/input_txtPassword'

2018-07-26 12:51:17 - [TEST_STEP][PASSED] - click: Object: 'Object Repository/Page_OrangeHRM/input_Submit' is clicked on

2018-07-26 12:51:21 - [MESSAGE][PASSED] - Object: 'Object Repository/Page_OrangeHRM/input_Submit' is clicked on]]></system-out>
         <system-err><![CDATA[]]></system-err>
      </testcase>
      <system-out><![CDATA[2018-07-26 12:51:08 - [TEST_SUITE][PASSED] - New Test Suite1: Test Cases/Day2/TEST2]]></system-out>
      <system-err><![CDATA[]]></system-err>
   </testsuite>
</testsuites>
