<?xml version="1.0" encoding="UTF-8"?>
<testsuites name="DEMO3" time="47" tests="1" failures="0" errors="0">
   <testsuite name="DEMO3" tests="1" failures="0" errors="0" time="47" timestamp="2018-07-24 15:04:44" hostname="slk - WSLK1FFTRFW-20.SLKSOFT.COM" id="Test Suites/DEMO3">
      <properties>
         <property name="deviceName" value=""/>
         <property name="devicePlatform" value=""/>
         <property name="logFolder" value="D:\\fortworth\\katlon\\demo\\Reports\\DEMO3\\20180724_150439"/>
         <property name="logFiles" value="D:\\fortworth\\katlon\\demo\\Reports\\DEMO3\\20180724_150439\\execution0.log"/>
         <property name="attachments" value=""/>
         <property name="hostName" value="slk - WSLK1FFTRFW-20.SLKSOFT.COM"/>
         <property name="os" value="Windows 7 64bit"/>
         <property name="katalonVersion" value="5.5.0.1"/>
         <property name="browser" value="Firefox 62.0"/>
         <property name="hostAddress" value="192.168.56.1"/>
         <property name="sessionId" value="ea6e1183-ea26-4275-b789-2c942d11d3d9"/>
         <property name="seleniumVersion" value="3.7.1"/>
         <property name="proxyInformation" value="ProxyInformation{proxyOption=NO_PROXY, proxyServerType=HTTP, password=, proxyServerAddress=, proxyServerPort=0}"/>
         <property name="platform" value="Windows 7"/>
      </properties>
      <testcase name="Test Cases/DEMO3" classname="Test Cases/DEMO3" status="PASSED">
         <system-out><![CDATA[2018-07-24 15:04:45 - [TEST_CASE][PASSED] - Test Cases/DEMO3: Test Cases/DEMO3

2018-07-24 15:04:51 - [TEST_STEP][PASSED] - openBrowser: Browser is opened with url: ''

2018-07-24 15:05:18 - [MESSAGE][PASSED] - Browser is opened with url: ''

2018-07-24 15:05:18 - [TEST_STEP][PASSED] - navigateToUrl: Navigate to 'http://demoaut.katalon.com/' successfully

2018-07-24 15:05:20 - [MESSAGE][PASSED] - Navigate to 'http://demoaut.katalon.com/' successfully

2018-07-24 15:05:20 - [TEST_STEP][PASSED] - click: Object: 'Object Repository/Page_CURA Healthcare Service/a_Make Appointment' is clicked on

2018-07-24 15:05:21 - [MESSAGE][PASSED] - Object: 'Object Repository/Page_CURA Healthcare Service/a_Make Appointment' is clicked on

2018-07-24 15:05:21 - [TEST_STEP][PASSED] - setText: Text 'AMALA' is set on object 'Object Repository/Page_CURA Healthcare Service/input_username'

2018-07-24 15:05:22 - [MESSAGE][PASSED] - Text 'AMALA' is set on object 'Object Repository/Page_CURA Healthcare Service/input_username'

2018-07-24 15:05:22 - [TEST_STEP][PASSED] - setEncryptedText: Text ****** has been set on object 'Object Repository/Page_CURA Healthcare Service/input_password'

2018-07-24 15:05:25 - [MESSAGE][PASSED] - Text ****** has been set on object 'Object Repository/Page_CURA Healthcare Service/input_password'

2018-07-24 15:05:25 - [TEST_STEP][PASSED] - click: Object: 'Object Repository/Page_CURA Healthcare Service/button_Login' is clicked on

2018-07-24 15:05:27 - [MESSAGE][PASSED] - Object: 'Object Repository/Page_CURA Healthcare Service/button_Login' is clicked on

2018-07-24 15:05:27 - [TEST_STEP][PASSED] - closeBrowser: Browser is closed

2018-07-24 15:05:29 - [MESSAGE][PASSED] - Browser is closed]]></system-out>
         <system-err><![CDATA[]]></system-err>
      </testcase>
      <system-out><![CDATA[2018-07-24 15:04:44 - [TEST_SUITE][PASSED] - DEMO3: Test Cases/DEMO3]]></system-out>
      <system-err><![CDATA[]]></system-err>
   </testsuite>
</testsuites>
